/* --- Table Printer --- */

  ---------------------------------------------------
  Name        Type            Size        Value
  ---------------------------------------------------
  c1          container       -           @1013
  d1          mydata          -           @1022
  v1          integral        32          'hcb8f1c97
  e1          enum            32          THREE
  str         string          2           hi
  value       integral        12          'h2d
  ---------------------------------------------------





/* --- Tree Printer --- */

c1: (container@1013) {
    d1: (mydata@1022) {
         v1: 'hcb8f1c97
         e1: THREE
         str: hi
    }
    value: 'h2d
}





/* --- Line Printer --- */

  c1: (container@1013) { d1: (mydata@1022) { v1: 'hcb8f1c97 e1: THREE str: hi } value: 'h2d }
